<?xml version="1.0" encoding="UTF-8"?>
<testng-results ignored="0" total="1" passed="1" failed="0" skipped="0">
  <reporter-output>
  </reporter-output>
  <suite started-at="2024-06-14T19:59:32 IST" name="Default suite" finished-at="2024-06-14T19:59:32 IST" duration-ms="666">
    <groups>
    </groups>
    <test started-at="2024-06-14T19:59:32 IST" name="Default test" finished-at="2024-06-14T19:59:32 IST" duration-ms="666">
      <class name="com.extentreports.tests.ExtentReportFile">
        <test-method signature="extentTest()[pri:0, instance:com.extentreports.tests.ExtentReportFile@485966cc]" started-at="2024-06-14T19:59:32 IST" name="extentTest" finished-at="2024-06-14T19:59:32 IST" duration-ms="618" status="PASS">
          <reporter-output>
          </reporter-output>
        </test-method> <!-- extentTest -->
      </class> <!-- com.extentreports.tests.ExtentReportFile -->
    </test> <!-- Default test -->
  </suite> <!-- Default suite -->
</testng-results>
